D:\IMAGESIGNER\IMAGESIGNER\DEBUG\IMAGESIGNER.EXE.INTERMEDIATE.MANIFEST
D:\IMAGESIGNER\IMAGESIGNER\DEBUG\IMAGESIGNER.OBJ
D:\IMAGESIGNER\IMAGESIGNER\DEBUG\MAIN.OBJ
D:\IMAGESIGNER\IMAGESIGNER\DEBUG\MOC_IMAGESIGNER.OBJ
D:\IMAGESIGNER\IMAGESIGNER\DEBUG\PT_FFT.OBJ
D:\IMAGESIGNER\IMAGESIGNER\DEBUG\QRC_IMAGESIGNER.OBJ
D:\IMAGESIGNER\IMAGESIGNER\DEBUG\VC100.PDB
D:\IMAGESIGNER\IMAGESIGNER\GENERATEDFILES\DEBUG\MOC_IMAGESIGNER.CPP
D:\IMAGESIGNER\IMAGESIGNER\GENERATEDFILES\QRC_IMAGESIGNER.CPP
D:\IMAGESIGNER\IMAGESIGNER\GENERATEDFILES\UI_IMAGESIGNER.H
D:\IMAGESIGNER\WIN32\DEBUG\IMAGESIGNER.EXE
D:\IMAGESIGNER\WIN32\DEBUG\IMAGESIGNER.ILK
D:\IMAGESIGNER\WIN32\DEBUG\IMAGESIGNER.PDB
E:\ImageSigner\ImageSigner\Debug\cl.command.1.tlog
E:\ImageSigner\ImageSigner\Debug\CL.read.1.tlog
E:\ImageSigner\ImageSigner\Debug\CL.write.1.tlog
E:\ImageSigner\ImageSigner\Debug\custombuild.command.1.tlog
E:\ImageSigner\ImageSigner\Debug\custombuild.read.1.tlog
E:\ImageSigner\ImageSigner\Debug\custombuild.write.1.tlog
E:\IMAGESIGNER\IMAGESIGNER\DEBUG\IMAGESIGNER.EXE.INTERMEDIATE.MANIFEST
E:\IMAGESIGNER\IMAGESIGNER\DEBUG\IMAGESIGNER.OBJ
E:\ImageSigner\ImageSigner\Debug\ImageSigner.vcxprojResolveAssemblyReference.cache
E:\ImageSigner\ImageSigner\Debug\ImageSigner.write.1.tlog
E:\ImageSigner\ImageSigner\Debug\link.command.1.tlog
E:\ImageSigner\ImageSigner\Debug\link.read.1.tlog
E:\ImageSigner\ImageSigner\Debug\link.write.1.tlog
E:\IMAGESIGNER\IMAGESIGNER\DEBUG\MAIN.OBJ
E:\IMAGESIGNER\IMAGESIGNER\DEBUG\MOC_IMAGESIGNER.OBJ
E:\ImageSigner\ImageSigner\Debug\mt.command.1.tlog
E:\ImageSigner\ImageSigner\Debug\mt.read.1.tlog
E:\ImageSigner\ImageSigner\Debug\mt.write.1.tlog
E:\IMAGESIGNER\IMAGESIGNER\DEBUG\PT_FFT.OBJ
E:\IMAGESIGNER\IMAGESIGNER\DEBUG\QRC_IMAGESIGNER.OBJ
E:\IMAGESIGNER\IMAGESIGNER\DEBUG\VC100.PDB
E:\IMAGESIGNER\IMAGESIGNER\GENERATEDFILES\DEBUG\MOC_IMAGESIGNER.CPP
E:\IMAGESIGNER\IMAGESIGNER\GENERATEDFILES\QRC_IMAGESIGNER.CPP
E:\IMAGESIGNER\IMAGESIGNER\GENERATEDFILES\UI_IMAGESIGNER.H
E:\IMAGESIGNER\WIN32\DEBUG\IMAGESIGNER.EXE
E:\IMAGESIGNER\WIN32\DEBUG\IMAGESIGNER.ILK
E:\IMAGESIGNER\WIN32\DEBUG\IMAGESIGNER.PDB
