生成启动时间为 2018/5/6 14:10:41。
     1>项目“D:\ImageSigner\ImageSigner\ImageSigner.vcxproj”在节点 2 上(build 个目标)。
     1>InitializeBuildStatus:
         正在创建“Release\ImageSigner.unsuccessfulbuild”，因为已指定“AlwaysCreate”。
       CustomBuild:
         Uic'ing About.ui...
       ClCompile:
         所有输出均为最新。
         D:\Program Files (x86)\Microsoft Visual Studio 10.0\VC\bin\CL.exe /c /I.\GeneratedFiles /I. /ID:\Qt\4.8.6\include /I.\GeneratedFiles\Release /ID:\Qt\4.8.6\include\QtCore /ID:\Qt\4.8.6\include\QtGui /nologo /W1 /WX- /O2 /Oy- /D UNICODE /D WIN32 /D QT_DLL /D QT_NO_DEBUG /D NDEBUG /D QT_CORE_LIB /D QT_GUI_LIB /Gm- /EHsc /MD /GS /fp:precise /Zc:wchar_t- /Zc:forScope /Fo"Release\\" /Fd"Release\vc100.pdb" /Gd /TP /analyze- /errorReport:prompt GeneratedFiles\Release\moc_imagesigner.cpp imagesigner.cpp main.cpp
         moc_imagesigner.cpp
         imagesigner.cpp
         main.cpp
         正在生成代码...
       Link:
         D:\Program Files (x86)\Microsoft Visual Studio 10.0\VC\bin\link.exe /ERRORREPORT:PROMPT /OUT:"D:\ImageSigner\Win32\Release\\ImageSigner.exe" /NOLOGO /LIBPATH:D:\Qt\4.8.6\lib qtmain.lib QtCore4.lib QtGui4.lib kernel32.lib user32.lib gdi32.lib winspool.lib comdlg32.lib advapi32.lib shell32.lib ole32.lib oleaut32.lib uuid.lib odbc32.lib odbccp32.lib /MANIFEST /ManifestFile:"Release\ImageSigner.exe.intermediate.manifest" /MANIFESTUAC:"level='asInvoker' uiAccess='false'" /PDB:"D:\ImageSigner\Win32\Release\ImageSigner.pdb" /SUBSYSTEM:WINDOWS /TLBID:1 /DYNAMICBASE /NXCOMPAT /IMPLIB:"D:\ImageSigner\Win32\Release\ImageSigner.lib" /MACHINE:X86 Release\qrc_imagesigner.obj
         Release\moc_imagesigner.obj
         Release\imagesigner.obj
         Release\main.obj
         Release\Pt_FFT.obj
         ImageSigner.vcxproj -> D:\ImageSigner\Win32\Release\ImageSigner.exe
       Manifest:
         C:\Program Files (x86)\Microsoft SDKs\Windows\v7.0A\bin\mt.exe /nologo /verbose /outputresource:"D:\ImageSigner\Win32\Release\\ImageSigner.exe;#1" /manifest Release\ImageSigner.exe.intermediate.manifest
       FinalizeBuildStatus:
         正在删除文件“Release\ImageSigner.unsuccessfulbuild”。
         正在对“Release\ImageSigner.lastbuildstate”执行 Touch 任务。
     1>已完成生成项目“D:\ImageSigner\ImageSigner\ImageSigner.vcxproj”(build 个目标)的操作。

生成成功。

已用时间 00:00:02.02
